<?xml version="1.0" encoding="UTF-8"?>
<!-- Generated by org.testng.reporters.JUnitReportReporter -->
<testsuite hostname="Mypc" name="day6.KeywodDrivenDriverScript" tests="1" failures="0" timestamp="5 Nov 2016 06:41:23 GMT" time="31.622" errors="0">
  <testcase name="driver" time="31.622" classname="day6.KeywodDrivenDriverScript"/>
</testsuite> <!-- day6.KeywodDrivenDriverScript -->
