<?xml version="1.0" encoding="UTF-8"?>
<!-- Generated by org.testng.reporters.JUnitReportReporter -->
<testsuite hostname="Mypc" name="day6.HybridDrivenDriverScript" tests="1" failures="0" timestamp="5 Nov 2016 07:15:28 GMT" time="60.410" errors="0">
  <testcase name="driver" time="60.410" classname="day6.HybridDrivenDriverScript"/>
</testsuite> <!-- day6.HybridDrivenDriverScript -->
