<?xml version="1.0" encoding="UTF-8"?>
<!-- Generated by org.testng.reporters.JUnitReportReporter -->
<testsuite hostname="Mypc" name="pom.LoginTC_POM" tests="1" failures="0" timestamp="5 Nov 2016 08:13:30 GMT" time="18.868" errors="0">
  <testcase name="login" time="18.868" classname="pom.LoginTC_POM"/>
</testsuite> <!-- pom.LoginTC_POM -->
