<?xml version="1.0" encoding="UTF-8"?>
<!-- Generated by org.testng.reporters.JUnitReportReporter -->
<testsuite hostname="Mypc" name="day5.Test_UserRegTC" tests="1" failures="0" timestamp="29 Oct 2016 11:41:23 GMT" time="12.923" errors="0">
  <testcase name="org_Userreg" time="12.923" classname="day5.Test_UserRegTC"/>
</testsuite> <!-- day5.Test_UserRegTC -->
