<?xml version="1.0" encoding="UTF-8"?>
<!-- Generated by org.testng.reporters.JUnitReportReporter -->
<testsuite hostname="Mypc" name="day5.BasicAnnotations" tests="3" failures="0" timestamp="29 Oct 2016 11:04:14 GMT" time="0.028" errors="0">
  <testcase name="function2" time="0.009" classname="day5.BasicAnnotations"/>
  <testcase name="function1" time="0.014" classname="day5.BasicAnnotations"/>
  <testcase name="a" time="0.005" classname="day5.BasicAnnotations"/>
</testsuite> <!-- day5.BasicAnnotations -->
