<?xml version="1.0" encoding="UTF-8"?>
<!-- Generated by org.testng.reporters.JUnitReportReporter -->
<testsuite hostname="Mypc" name="day5.Test_Empreg" tests="1" failures="0" timestamp="29 Oct 2016 11:41:23 GMT" time="5.162" errors="0">
  <testcase name="empreg" time="5.162" classname="day5.Test_Empreg"/>
</testsuite> <!-- day5.Test_Empreg -->
