<?xml version="1.0" encoding="UTF-8"?>
<!-- Generated by org.testng.reporters.JUnitReportReporter -->
<testsuite hostname="Mypc" name="grid.GridEg1" tests="2" failures="0" timestamp="5 Nov 2016 09:55:40 GMT" time="120.995" errors="0">
  <testcase name="grid" time="25.487" classname="grid.GridEg1"/>
  <testcase name="grid" time="95.508" classname="grid.GridEg1"/>
</testsuite> <!-- grid.GridEg1 -->
